2025/03/27 04:45:16 [notice] 1#1: using the "epoll" event method
2025/03/27 04:45:16 [notice] 1#1: nginx/1.27.4
2025/03/27 04:45:16 [notice] 1#1: built by gcc 12.2.0 (Debian 12.2.0-14) 
2025/03/27 04:45:16 [notice] 1#1: OS: Linux 6.8.0-55-generic
2025/03/27 04:45:16 [notice] 1#1: getrlimit(RLIMIT_NOFILE): 1048576:1048576
2025/03/27 04:45:16 [notice] 1#1: start worker processes
2025/03/27 04:45:16 [notice] 1#1: start worker process 19
2025/03/27 04:45:16 [notice] 1#1: start worker process 20
2025/03/27 04:56:25 [notice] 1#1: signal 3 (SIGQUIT) received, shutting down
2025/03/27 04:56:25 [notice] 20#20: gracefully shutting down
2025/03/27 04:56:25 [notice] 20#20: exiting
2025/03/27 04:56:25 [notice] 20#20: exit
2025/03/27 04:56:25 [notice] 19#19: gracefully shutting down
2025/03/27 04:56:25 [notice] 19#19: exiting
2025/03/27 04:56:25 [notice] 19#19: exit
2025/03/27 04:56:25 [notice] 1#1: signal 17 (SIGCHLD) received from 20
2025/03/27 04:56:25 [notice] 1#1: worker process 19 exited with code 0
2025/03/27 04:56:25 [notice] 1#1: worker process 20 exited with code 0
2025/03/27 04:56:25 [notice] 1#1: exit
2025/03/27 04:56:45 [notice] 1#1: using the "epoll" event method
2025/03/27 04:56:45 [notice] 1#1: nginx/1.27.4
2025/03/27 04:56:45 [notice] 1#1: built by gcc 12.2.0 (Debian 12.2.0-14) 
2025/03/27 04:56:45 [notice] 1#1: OS: Linux 6.8.0-55-generic
2025/03/27 04:56:45 [notice] 1#1: getrlimit(RLIMIT_NOFILE): 1048576:1048576
2025/03/27 04:56:45 [notice] 1#1: start worker processes
2025/03/27 04:56:45 [notice] 1#1: start worker process 28
2025/03/27 04:56:45 [notice] 1#1: start worker process 29
2025/03/27 04:59:20 [notice] 1#1: signal 3 (SIGQUIT) received, shutting down
2025/03/27 04:59:20 [notice] 28#28: gracefully shutting down
2025/03/27 04:59:20 [notice] 28#28: exiting
2025/03/27 04:59:20 [notice] 28#28: exit
2025/03/27 04:59:20 [notice] 29#29: gracefully shutting down
2025/03/27 04:59:20 [notice] 29#29: exiting
2025/03/27 04:59:20 [notice] 29#29: exit
2025/03/27 04:59:20 [notice] 1#1: signal 17 (SIGCHLD) received from 28
2025/03/27 04:59:20 [notice] 1#1: worker process 28 exited with code 0
2025/03/27 04:59:20 [notice] 1#1: signal 29 (SIGIO) received
2025/03/27 04:59:20 [notice] 1#1: signal 17 (SIGCHLD) received from 29
2025/03/27 04:59:20 [notice] 1#1: worker process 29 exited with code 0
2025/03/27 04:59:20 [notice] 1#1: exit
2025/03/27 04:59:38 [notice] 1#1: using the "epoll" event method
2025/03/27 04:59:38 [notice] 1#1: nginx/1.27.4
2025/03/27 04:59:38 [notice] 1#1: built by gcc 12.2.0 (Debian 12.2.0-14) 
2025/03/27 04:59:38 [notice] 1#1: OS: Linux 6.8.0-55-generic
2025/03/27 04:59:38 [notice] 1#1: getrlimit(RLIMIT_NOFILE): 1048576:1048576
2025/03/27 04:59:38 [notice] 1#1: start worker processes
2025/03/27 04:59:38 [notice] 1#1: start worker process 28
2025/03/27 04:59:38 [notice] 1#1: start worker process 29
2025/03/27 05:00:09 [notice] 1#1: signal 3 (SIGQUIT) received, shutting down
2025/03/27 05:00:09 [notice] 28#28: gracefully shutting down
2025/03/27 05:00:09 [notice] 28#28: exiting
2025/03/27 05:00:09 [notice] 28#28: exit
2025/03/27 05:00:09 [notice] 29#29: gracefully shutting down
2025/03/27 05:00:09 [notice] 29#29: exiting
2025/03/27 05:00:09 [notice] 29#29: exit
2025/03/27 05:00:09 [notice] 1#1: signal 17 (SIGCHLD) received from 28
2025/03/27 05:00:09 [notice] 1#1: worker process 28 exited with code 0
2025/03/27 05:00:09 [notice] 1#1: worker process 29 exited with code 0
2025/03/27 05:00:09 [notice] 1#1: exit
